WARNING: A terminally deprecated method in sun.misc.Unsafe has been called
WARNING: sun.misc.Unsafe::staticFieldBase has been called by com.google.inject.internal.aop.HiddenClassDefiner (file:/Users/alexander.ruehl/.m2/wrapper/dists/apache-maven-3.9.11/a2d47e15/lib/guice-5.1.0-classes.jar)
WARNING: Please consider reporting this to the maintainers of class com.google.inject.internal.aop.HiddenClassDefiner
WARNING: sun.misc.Unsafe::staticFieldBase will be removed in a future release
[INFO] Scanning for projects...
[INFO] 
[INFO] -------------------------< com.vsti:quarkusai >-------------------------
[INFO] Building quarkusai 1.0.0-SNAPSHOT
[INFO]   from pom.xml
[INFO] --------------------------------[ jar ]---------------------------------
[INFO] 
[INFO] --- quarkus:3.28.4:dev (default-cli) @ quarkusai ---
[INFO] Invoking resources:3.3.1:resources (default-resources) @ quarkusai
[INFO] Copying 3 resources from src/main/resources to target/classes
[INFO] Invoking quarkus:3.28.4:generate-code (default) @ quarkusai
[INFO] Invoking compiler:3.14.0:compile (default-compile) @ quarkusai
[INFO] Nothing to compile - all classes are up to date.
[INFO] Invoking resources:3.3.1:testResources (default-testResources) @ quarkusai
[INFO] skip non existing resourceDirectory /Users/alexander.ruehl/projects/quarkusai/src/test/resources
[INFO] Invoking quarkus:3.28.4:generate-code-tests (default) @ quarkusai
[INFO] Invoking compiler:3.14.0:testCompile (default-testCompile) @ quarkusai
[INFO] Nothing to compile - all classes are up to date.
Listening for transport dt_socket at address: 5005
WARNING: A terminally deprecated method in sun.misc.Unsafe has been called
WARNING: sun.misc.Unsafe::allocateMemory has been called by io.netty.util.internal.PlatformDependent0$2 (file:/Users/alexander.ruehl/.m2/repository/io/netty/netty-common/4.1.127.Final/netty-common-4.1.127.Final.jar)
WARNING: Please consider reporting this to the maintainers of class io.netty.util.internal.PlatformDependent0$2
WARNING: sun.misc.Unsafe::allocateMemory will be removed in a future release
Press [e] to edit command line args (currently ''), [h] for more options>
Tests paused
Press [e] to edit command line args (currently ''), [r] to resume testing, [h] for more options>
Press [e] to edit command line args (currently ''), [r] to resume testing, [o] Toggle test output, [h] for more options>
__  ____  __  _____   ___  __ ____  ______ 
 --/ __ \/ / / / _ | / _ \/ //_/ / / / __/ 
 -/ /_/ / /_/ / __ |/ , _/ ,< / /_/ /\ \   
--\___\_\____/_/ |_/_/|_/_/|_|\____/___/   
2025-10-21 12:47:33,040 INFO  [io.quarkus] (Quarkus Main Thread) quarkusai 1.0.0-SNAPSHOT on JVM (powered by Quarkus 3.28.4) started in 0.818s. Listening on: http://localhost:8080
2025-10-21 12:47:33,040 INFO  [io.quarkus] (Quarkus Main Thread) Profile dev activated. Live Coding activated.
2025-10-21 12:47:33,040 INFO  [io.quarkus] (Quarkus Main Thread) Installed features: [cdi, qute, rest, smallrye-context-propagation, vertx]
2025-10-21 12:48:27,695 INFO  [io.qua.dep.dev.RuntimeUpdatesProcessor] (vert.x-worker-thread-1) Restarting quarkus due to changes in ChatResource.class.
2025-10-21 12:48:27,701 INFO  [io.quarkus] (Quarkus Main Thread) quarkusai stopped in 0.006s
Exception in thread "executor-thread-1" java.lang.IllegalAccessError: module java.base does not open java.lang to unnamed module @bccb269; to use the thread-local-reset capability on Java 24 or later, use this JVM option: --add-opens java.base/java.lang=ALL-UNNAMED
	at org.jboss.threads.JDKSpecific$ThreadAccess.<clinit>(JDKSpecific.java:32)
	at org.jboss.threads.ThreadLocalResettingRunnable.run(ThreadLocalResettingRunnable.java:13)
	at io.netty.util.concurrent.FastThreadLocalRunnable.run(FastThreadLocalRunnable.java:30)
	at java.base/java.lang.Thread.run(Thread.java:1474)
__  ____  __  _____   ___  __ ____  ______ 
 --/ __ \/ / / / _ | / _ \/ //_/ / / / __/ 
 -/ /_/ / /_/ / __ |/ , _/ ,< / /_/ /\ \   
--\___\_\____/_/ |_/_/|_/_/|_|\____/___/   
2025-10-21 12:48:27,860 INFO  [io.quarkus] (Quarkus Main Thread) quarkusai 1.0.0-SNAPSHOT on JVM (powered by Quarkus 3.28.4) started in 0.158s. Listening on: http://localhost:8080
2025-10-21 12:48:27,860 INFO  [io.quarkus] (Quarkus Main Thread) Profile dev activated. Live Coding activated.
2025-10-21 12:48:27,860 INFO  [io.quarkus] (Quarkus Main Thread) Installed features: [cdi, qute, rest, smallrye-context-propagation, vertx]
2025-10-21 12:48:27,860 INFO  [io.qua.dep.dev.RuntimeUpdatesProcessor] (vert.x-worker-thread-1) Live reload total time: 0.357s 
Exception in thread "vert.x-worker-thread-1" java.lang.NoClassDefFoundError: Could not initialize class org.jboss.threads.JDKSpecific$ThreadAccess
	at org.jboss.threads.ThreadLocalResettingRunnable.run(ThreadLocalResettingRunnable.java:13)
	at io.netty.util.concurrent.FastThreadLocalRunnable.run(FastThreadLocalRunnable.java:30)
	at java.base/java.lang.Thread.run(Thread.java:1474)
Caused by: java.lang.ExceptionInInitializerError: Exception java.lang.IllegalAccessError: module java.base does not open java.lang to unnamed module @bccb269; to use the thread-local-reset capability on Java 24 or later, use this JVM option: --add-opens java.base/java.lang=ALL-UNNAMED [in thread "executor-thread-1"]
	at org.jboss.threads.JDKSpecific$ThreadAccess.<clinit>(JDKSpecific.java:32)
	... 3 more
2025-10-21 12:49:09,127 INFO  [io.qua.dep.dev.RuntimeUpdatesProcessor] (vert.x-worker-thread-3) Restarting quarkus due to changes in ChatResource.class.
2025-10-21 12:49:09,132 INFO  [io.quarkus] (Quarkus Main Thread) quarkusai stopped in 0.004s
Exception in thread "executor-thread-1" java.lang.NoClassDefFoundError: Could not initialize class org.jboss.threads.JDKSpecific$ThreadAccess
	at org.jboss.threads.ThreadLocalResettingRunnable.run(ThreadLocalResettingRunnable.java:13)
	at io.netty.util.concurrent.FastThreadLocalRunnable.run(FastThreadLocalRunnable.java:30)
	at java.base/java.lang.Thread.run(Thread.java:1474)
Caused by: java.lang.ExceptionInInitializerError: Exception java.lang.IllegalAccessError: module java.base does not open java.lang to unnamed module @bccb269; to use the thread-local-reset capability on Java 24 or later, use this JVM option: --add-opens java.base/java.lang=ALL-UNNAMED [in thread "executor-thread-1"]
	at org.jboss.threads.JDKSpecific$ThreadAccess.<clinit>(JDKSpecific.java:32)
	... 3 more
__  ____  __  _____   ___  __ ____  ______ 
 --/ __ \/ / / / _ | / _ \/ //_/ / / / __/ 
 -/ /_/ / /_/ / __ |/ , _/ ,< / /_/ /\ \   
--\___\_\____/_/ |_/_/|_/_/|_|\____/___/   
2025-10-21 12:49:09,283 INFO  [io.quarkus] (Quarkus Main Thread) quarkusai 1.0.0-SNAPSHOT on JVM (powered by Quarkus 3.28.4) started in 0.151s. Listening on: http://localhost:8080
2025-10-21 12:49:09,283 INFO  [io.quarkus] (Quarkus Main Thread) Profile dev activated. Live Coding activated.
2025-10-21 12:49:09,283 INFO  [io.quarkus] (Quarkus Main Thread) Installed features: [cdi, qute, rest, smallrye-context-propagation, vertx]
2025-10-21 12:49:09,284 INFO  [io.qua.dep.dev.RuntimeUpdatesProcessor] (vert.x-worker-thread-3) Live reload total time: 0.206s 
Exception in thread "vert.x-worker-thread-3" java.lang.NoClassDefFoundError: Could not initialize class org.jboss.threads.JDKSpecific$ThreadAccess
	at org.jboss.threads.ThreadLocalResettingRunnable.run(ThreadLocalResettingRunnable.java:13)
	at io.netty.util.concurrent.FastThreadLocalRunnable.run(FastThreadLocalRunnable.java:30)
	at java.base/java.lang.Thread.run(Thread.java:1474)
Caused by: java.lang.ExceptionInInitializerError: Exception java.lang.IllegalAccessError: module java.base does not open java.lang to unnamed module @bccb269; to use the thread-local-reset capability on Java 24 or later, use this JVM option: --add-opens java.base/java.lang=ALL-UNNAMED [in thread "executor-thread-1"]
	at org.jboss.threads.JDKSpecific$ThreadAccess.<clinit>(JDKSpecific.java:32)
	... 3 more
2025-10-21 12:49:26,232 INFO  [io.qua.dep.dev.RuntimeUpdatesProcessor] (vert.x-worker-thread-5) Restarting quarkus due to changes in ChatResource.class.
2025-10-21 12:49:26,236 INFO  [io.quarkus] (Quarkus Main Thread) quarkusai stopped in 0.004s
Exception in thread "executor-thread-1" java.lang.NoClassDefFoundError: Could not initialize class org.jboss.threads.JDKSpecific$ThreadAccess
	at org.jboss.threads.ThreadLocalResettingRunnable.run(ThreadLocalResettingRunnable.java:13)
	at io.netty.util.concurrent.FastThreadLocalRunnable.run(FastThreadLocalRunnable.java:30)
	at java.base/java.lang.Thread.run(Thread.java:1474)
Caused by: java.lang.ExceptionInInitializerError: Exception java.lang.IllegalAccessError: module java.base does not open java.lang to unnamed module @bccb269; to use the thread-local-reset capability on Java 24 or later, use this JVM option: --add-opens java.base/java.lang=ALL-UNNAMED [in thread "executor-thread-1"]
	at org.jboss.threads.JDKSpecific$ThreadAccess.<clinit>(JDKSpecific.java:32)
	... 3 more
__  ____  __  _____   ___  __ ____  ______ 
 --/ __ \/ / / / _ | / _ \/ //_/ / / / __/ 
 -/ /_/ / /_/ / __ |/ , _/ ,< / /_/ /\ \   
--\___\_\____/_/ |_/_/|_/_/|_|\____/___/   
2025-10-21 12:49:26,375 INFO  [io.quarkus] (Quarkus Main Thread) quarkusai 1.0.0-SNAPSHOT on JVM (powered by Quarkus 3.28.4) started in 0.139s. Listening on: http://localhost:8080
2025-10-21 12:49:26,376 INFO  [io.quarkus] (Quarkus Main Thread) Profile dev activated. Live Coding activated.
2025-10-21 12:49:26,376 INFO  [io.quarkus] (Quarkus Main Thread) Installed features: [cdi, qute, rest, smallrye-context-propagation, vertx]
2025-10-21 12:49:26,376 INFO  [io.qua.dep.dev.RuntimeUpdatesProcessor] (vert.x-worker-thread-5) Live reload total time: 0.188s 
Exception in thread "vert.x-worker-thread-5" java.lang.NoClassDefFoundError: Could not initialize class org.jboss.threads.JDKSpecific$ThreadAccess
	at org.jboss.threads.ThreadLocalResettingRunnable.run(ThreadLocalResettingRunnable.java:13)
	at io.netty.util.concurrent.FastThreadLocalRunnable.run(FastThreadLocalRunnable.java:30)
	at java.base/java.lang.Thread.run(Thread.java:1474)
Caused by: java.lang.ExceptionInInitializerError: Exception java.lang.IllegalAccessError: module java.base does not open java.lang to unnamed module @bccb269; to use the thread-local-reset capability on Java 24 or later, use this JVM option: --add-opens java.base/java.lang=ALL-UNNAMED [in thread "executor-thread-1"]
	at org.jboss.threads.JDKSpecific$ThreadAccess.<clinit>(JDKSpecific.java:32)
	... 3 more
Exception in thread "executor-thread-1" 2025-10-21 12:49:31,352 INFO  [io.quarkus] (Shutdown thread) quarkusai stopped in 0.005s
java.lang.NoClassDefFoundError: Could not initialize class org.jboss.threads.JDKSpecific$ThreadAccess
	at org.jboss.threads.ThreadLocalResettingRunnable.run(ThreadLocalResettingRunnable.java:13)
	at io.netty.util.concurrent.FastThreadLocalRunnable.run(FastThreadLocalRunnable.java:30)
	at java.base/java.lang.Thread.run(Thread.java:1474)
Caused by: java.lang.ExceptionInInitializerError: Exception java.lang.IllegalAccessError: module java.base does not open java.lang to unnamed module @bccb269; to use the thread-local-reset capability on Java 24 or later, use this JVM option: --add-opens java.base/java.lang=ALL-UNNAMED [in thread "executor-thread-1"]
	at org.jboss.threads.JDKSpecific$ThreadAccess.<clinit>(JDKSpecific.java:32)
	... 3 more
Exception in thread "vert.x-internal-blocking-1" java.lang.NoClassDefFoundError: Could not initialize class org.jboss.threads.JDKSpecific$ThreadAccess
	at org.jboss.threads.ThreadLocalResettingRunnable.run(ThreadLocalResettingRunnable.java:13)
	at io.netty.util.concurrent.FastThreadLocalRunnable.run(FastThreadLocalRunnable.java:30)
	at java.base/java.lang.Thread.run(Thread.java:1474)
Caused by: java.lang.ExceptionInInitializerError: Exception java.lang.IllegalAccessError: module java.base does not open java.lang to unnamed module @bccb269; to use the thread-local-reset capability on Java 24 or later, use this JVM option: --add-opens java.base/java.lang=ALL-UNNAMED [in thread "executor-thread-1"]
	at org.jboss.threads.JDKSpecific$ThreadAccess.<clinit>(JDKSpecific.java:32)
	... 3 more
Press [e] to edit command line args (currently ''), [h] for more options>
